<?xml version="1.0" encoding="UTF-8"?>
<testsuite xmlns:xsi="http://www.w3.org/2001/XMLSchema-instance" xsi:noNamespaceSchemaLocation="https://maven.apache.org/surefire/maven-surefire-plugin/xsd/surefire-test-report-3.0.xsd" version="3.0" name="com.example.backend.BackendApplicationTests" time="15.977" tests="1" errors="0" skipped="0" failures="0">
  <properties>
[...]
</properties>
  <testcase name="contextLoads" classname="com.example.backend.BackendApplicationTests" time="0.876">
    <system-out><![CDATA[13:29:23.010 [main] INFO org.springframework.test.context.support.AnnotationConfigContextLoaderUtils -- Could not detect default configuration classes for test class [com.example.backend.BackendApplicationTests]: BackendApplicationTests does not declare any static, non-private, non-final, nested classes annotated with @Configuration.
13:29:23.189 [main] INFO org.springframework.boot.test.context.SpringBootTestContextBootstrapper -- Found @SpringBootConfiguration com.example.backend.BackendApplication for test class com.example.backend.BackendApplicationTests

  .   ____          _            __ _ _
 /\\ / ___'_ __ _ _(_)_ __  __ _ \ \ \ \
( ( )\___ | '_ | '_| | '_ \/ _` | \ \ \ \
 \\/  ___)| |_)| | | | | || (_| |  ) ) ) )
  '  |____| .__|_| |_|_| |_\__, | / / / /
 =========|_|==============|___/=/_/_/_/
 :: Spring Boot ::                (v3.2.5)

2024-06-11T13:29:23.960+02:00  INFO 14968 --- [backend] [           main] c.e.backend.BackendApplicationTests      : Starting BackendApplicationTests using Java 21.0.2 with PID 14968 (started by Nassim in C:\Users\Microsoft\Desktop\JIBIII\backend)
2024-06-11T13:29:23.962+02:00  INFO 14968 --- [backend] [           main] c.e.backend.BackendApplicationTests      : No active profile set, falling back to 1 default profile: "default"
2024-06-11T13:29:25.858+02:00  INFO 14968 --- [backend] [           main] .s.d.r.c.RepositoryConfigurationDelegate : Bootstrapping Spring Data JPA repositories in DEFAULT mode.
2024-06-11T13:29:25.997+02:00  INFO 14968 --- [backend] [           main] .s.d.r.c.RepositoryConfigurationDelegate : Finished Spring Data repository scanning in 123 ms. Found 8 JPA repository interfaces.
2024-06-11T13:29:26.966+02:00  INFO 14968 --- [backend] [           main] o.hibernate.jpa.internal.util.LogHelper  : HHH000204: Processing PersistenceUnitInfo [name: default]
2024-06-11T13:29:27.101+02:00  INFO 14968 --- [backend] [           main] org.hibernate.Version                    : HHH000412: Hibernate ORM core version 6.4.4.Final
2024-06-11T13:29:27.168+02:00  INFO 14968 --- [backend] [           main] o.h.c.internal.RegionFactoryInitiator    : HHH000026: Second-level cache disabled
2024-06-11T13:29:27.654+02:00  INFO 14968 --- [backend] [           main] o.s.o.j.p.SpringPersistenceUnitInfo      : No LoadTimeWeaver setup: ignoring JPA class transformer
2024-06-11T13:29:27.711+02:00  INFO 14968 --- [backend] [           main] com.zaxxer.hikari.HikariDataSource       : HikariPool-1 - Starting...
2024-06-11T13:29:29.845+02:00  INFO 14968 --- [backend] [           main] com.zaxxer.hikari.pool.HikariPool        : HikariPool-1 - Added connection com.mysql.cj.jdbc.ConnectionImpl@6a1d1467
2024-06-11T13:29:29.849+02:00  INFO 14968 --- [backend] [           main] com.zaxxer.hikari.HikariDataSource       : HikariPool-1 - Start completed.
2024-06-11T13:29:30.431+02:00  WARN 14968 --- [backend] [           main] org.hibernate.orm.deprecation            : HHH90000025: MySQLDialect does not need to be specified explicitly using 'hibernate.dialect' (remove the property setting and it will be selected by default)
2024-06-11T13:29:31.942+02:00  INFO 14968 --- [backend] [           main] o.h.e.t.j.p.i.JtaPlatformInitiator       : HHH000489: No JTA platform available (set 'hibernate.transaction.jta.platform' to enable JTA platform integration)
2024-06-11T13:29:33.824+02:00  INFO 14968 --- [backend] [           main] j.LocalContainerEntityManagerFactoryBean : Initialized JPA EntityManagerFactory for persistence unit 'default'
2024-06-11T13:29:34.544+02:00  INFO 14968 --- [backend] [           main] o.s.d.j.r.query.QueryEnhancerFactory     : Hibernate is in classpath; If applicable, HQL parser will be used.
2024-06-11T13:29:35.731+02:00  WARN 14968 --- [backend] [           main] JpaBaseConfiguration$JpaWebConfiguration : spring.jpa.open-in-view is enabled by default. Therefore, database queries may be performed during view rendering. Explicitly configure spring.jpa.open-in-view to disable this warning
2024-06-11T13:29:36.985+02:00  INFO 14968 --- [backend] [           main] o.s.s.web.DefaultSecurityFilterChain     : Will secure any request with [org.springframework.security.web.session.DisableEncodeUrlFilter@3fcc58f8, org.springframework.security.web.context.request.async.WebAsyncManagerIntegrationFilter@51f714d1, org.springframework.security.web.context.SecurityContextHolderFilter@8e0b048, org.springframework.security.web.header.HeaderWriterFilter@210b4145, org.springframework.web.filter.CorsFilter@77e8492f, org.springframework.security.web.authentication.logout.LogoutFilter@73602e88, com.example.backend.jwt.JwtTokenValidator@1263d20d, org.springframework.security.web.savedrequest.RequestCacheAwareFilter@1a2d8488, org.springframework.security.web.servletapi.SecurityContextHolderAwareRequestFilter@1a120e41, org.springframework.security.web.authentication.AnonymousAuthenticationFilter@4f355321, org.springframework.security.web.session.SessionManagementFilter@38682845, org.springframework.security.web.access.ExceptionTranslationFilter@727d937a, org.springframework.security.web.access.intercept.AuthorizationFilter@51a7ee4e]
2024-06-11T13:29:37.483+02:00  WARN 14968 --- [backend] [           main] ion$DefaultTemplateResolverConfiguration : Cannot find template location: classpath:/templates/ (please add some templates, check your Thymeleaf configuration, or set spring.thymeleaf.check-template-location=false)
2024-06-11T13:29:37.742+02:00  INFO 14968 --- [backend] [           main] c.e.backend.BackendApplicationTests      : Started BackendApplicationTests in 14.252 seconds (process running for 16.109)
]]></system-out>
    <system-err><![CDATA[WARNING: A Java agent has been loaded dynamically (C:\Users\Microsoft\.m2\repository\net\bytebuddy\byte-buddy-agent\1.14.13\byte-buddy-agent-1.14.13.jar)
WARNING: If a serviceability tool is in use, please run with -XX:+EnableDynamicAgentLoading to hide this warning
WARNING: If a serviceability tool is not in use, please run with -Djdk.instrument.traceUsage for more information
WARNING: Dynamic loading of agents will be disallowed by default in a future release
]]></system-err>
  </testcase>
</testsuite>